-------------------------------------
 External Hold Repair Report 
-------------------------------------
 Iteration 1  
 Total I/O input ports improved: 0       
-------------------------------------



-------------------------
 Min-delay Repair Report 
-------------------------
 Iteration 1  
 Total paths eligible for improvement: 3       
 Total paths improved: 3       
-------------------------

Path 1
------------------------
From: MiV_RV32IMA_L1_AHB_0_inst_0/MiV_RV32IMA_L1_AHB_0_0/ChiselTop0/debug_1/dmInner/dmiXing/MIV_RV32IMA_L1_AHB_ASYNC_QUEUE_SOURCE/mem_0_data[12]:CLK
  To: MiV_RV32IMA_L1_AHB_0_inst_0/MiV_RV32IMA_L1_AHB_0_0/ChiselTop0/debug_1/dmOuter/dmInner_TLAsyncCrossingSource/MIV_RV32IMA_L1_AHB_ASYNC_QUEUE_SINK/deq_bits_reg/sync_0[13]:D
------------------------
Path min-delay slack:       -23 ps
------------------------
  On sink pin: MiV_RV32IMA_L1_AHB_0_inst_0/MiV_RV32IMA_L1_AHB_0_0/ChiselTop0/debug_1/dmOuter/dmInner_TLAsyncCrossingSource/MIV_RV32IMA_L1_AHB_ASYNC_QUEUE_SINK/deq_bits_reg/sync_0[13]:D
-------------------------------------
  Pin max-delay slack:     5899 ps
  Min-delay inserted:       534 ps ( Estimated )
  ----------------------------
  Delay buffers inserted before the sink:
      mdr_MiV_RV32IMA_L1_AHB_0_inst_0/MiV_RV32IMA_L1_AHB_0_0/ChiselTop0/debug_1/dmOuter/dmInner_TLAsyncCrossingSource/MIV_RV32IMA_L1_AHB_ASYNC_QUEUE_SINK/deq_bits_reg/sync_0[13]_CFG1A_TEST


Path 2
------------------------
From: MiV_RV32IMA_L1_AHB_0_inst_0/MiV_RV32IMA_L1_AHB_0_0/ChiselTop0/debug_1/dmInner/dmiXing/MIV_RV32IMA_L1_AHB_ASYNC_QUEUE_SINK/MIV_RV32IMA_L1_AHB_ASYNC_VALID_SYNC/sink_valid/sync_0/reg_0/q:CLK
  To: MiV_RV32IMA_L1_AHB_0_inst_0/MiV_RV32IMA_L1_AHB_0_0/ChiselTop0/debug_1/dmOuter/dmInner_TLAsyncCrossingSource/MIV_RV32IMA_L1_AHB_ASYNC_QUEUE_SOURCE/MIV_RV32IMA_L1_AHB_ASYNC_VALID_SYNC_1/sink_extend/sync_0/reg_0/q:D
------------------------
Path min-delay slack:       -17 ps
------------------------
  On sink pin: MiV_RV32IMA_L1_AHB_0_inst_0/MiV_RV32IMA_L1_AHB_0_0/ChiselTop0/debug_1/dmOuter/dmInner_TLAsyncCrossingSource/MIV_RV32IMA_L1_AHB_ASYNC_QUEUE_SOURCE/MIV_RV32IMA_L1_AHB_ASYNC_VALID_SYNC_1/sink_extend/sync_0/reg_0/q:D
-------------------------------------
  Pin max-delay slack:     5887 ps
  Min-delay inserted:       419 ps ( Estimated )
  ----------------------------
  Delay buffers inserted before the sink:
      mdr_MiV_RV32IMA_L1_AHB_0_inst_0/MiV_RV32IMA_L1_AHB_0_0/ChiselTop0/debug_1/dmOuter/dmInner_TLAsyncCrossingSource/MIV_RV32IMA_L1_AHB_ASYNC_QUEUE_SOURCE/MIV_RV32IMA_L1_AHB_ASYNC_VALID_SYNC_1/sink_extend/sync_0/reg_0/q_CFG1A_TEST


Path 3
------------------------
From: MiV_RV32IMA_L1_AHB_0_inst_0/MiV_RV32IMA_L1_AHB_0_0/ChiselTop0/debug_1/dmInner/dmiXing/MIV_RV32IMA_L1_AHB_ASYNC_QUEUE_SOURCE/MIV_RV32IMA_L1_AHB_ASYNC_VALID_SYNC/source_valid/sync_0/reg_0/q:CLK
  To: MiV_RV32IMA_L1_AHB_0_inst_0/MiV_RV32IMA_L1_AHB_0_0/ChiselTop0/debug_1/dmOuter/dmInner_TLAsyncCrossingSource/MIV_RV32IMA_L1_AHB_ASYNC_QUEUE_SINK/MIV_RV32IMA_L1_AHB_ASYNC_VALID_SYNC_1/source_extend/sync_0/reg_0/q:D
------------------------
Path min-delay slack:        -3 ps
------------------------
  On sink pin: MiV_RV32IMA_L1_AHB_0_inst_0/MiV_RV32IMA_L1_AHB_0_0/ChiselTop0/debug_1/dmOuter/dmInner_TLAsyncCrossingSource/MIV_RV32IMA_L1_AHB_ASYNC_QUEUE_SINK/MIV_RV32IMA_L1_AHB_ASYNC_VALID_SYNC_1/source_extend/sync_0/reg_0/q:D
-------------------------------------
  Pin max-delay slack:     5865 ps
  Min-delay inserted:       534 ps ( Estimated )
  ----------------------------
  Delay buffers inserted before the sink:
      mdr_MiV_RV32IMA_L1_AHB_0_inst_0/MiV_RV32IMA_L1_AHB_0_0/ChiselTop0/debug_1/dmOuter/dmInner_TLAsyncCrossingSource/MIV_RV32IMA_L1_AHB_ASYNC_QUEUE_SINK/MIV_RV32IMA_L1_AHB_ASYNC_VALID_SYNC_1/source_extend/sync_0/reg_0/q_CFG1A_TEST




-------------------------------------
 External Hold Repair Report 
-------------------------------------
 Iteration 2  
 Total I/O input ports improved: 0       
-------------------------------------



-------------------------
 Min-delay Repair Report 
-------------------------
 Iteration 2  
 Total paths eligible for improvement: 0       
 Total paths improved: 0       
-------------------------


Note:
    [1]: A net cannot be modified for repair if:
         - it is hardwired, preserved, or global;
         - the sink pin is a clock pin;
         - the sink pin has negative max-delay slack allowance;

    [2]: A location is not feasible for inserting a delay buffer if the estimated minimum delay to be inserted might exceed the max-delay slack allowance of the sink pin.

    [3]: The I/O delay taps cannot be used to fix hold violations in RTG4 design if it is a MSIO or MSIOD that drives a GB.



