FlashPro
Version: 11.6.0.32
Release: v11.6

Software Version: 11.6.0.32
Warning: Unable to find file:
         'C:\Users\nitin.deshpande\Desktop\newrepo\RISC-V-Creative-board\Programming_The_Target\
         _Device\PROC_SUBSYSTEM_MIV_RV32IMA_BaseDesign\projectData\PROC_SUBSYSTEM.stp'.
Warning: Using local backup copy:
         'E:\Someshd7_Github\RISC-V-Creative-Board\Programming_The_Target_Device\PROC_SUBSYSTEM\
         _MIV_RV32IMA_BaseDesign\projectData\PROC_SUBSYSTEM.stp'.
STAPL file
'E:\Someshd7_Github\RISC-V-Creative-Board\Programming_The_Target_Device\PROC_SUBSYSTEM_MIV_RV32\
IMA_BaseDesign\projectData\PROC_SUBSYSTEM.stp' has been loaded successfully.
DESIGN : PROC_SUBSYSTEM;  CHECKSUM : 91B9;  ALG_VERSION : 2
Warning: The programmer with id 'E200108CTE' in the project file cannot be detected and
         connected.
Opened
'E:\Someshd7_Github\RISC-V-Creative-Board\Programming_The_Target_Device\PROC_SUBSYSTEM_MIV_RV32\
IMA_BaseDesign\PROC_SUBSYSTEMMIV_BaseDesign.pro'
Project closed.
