Software Version: 11.8.3.6
creating folder: C:\Users\ciaran.lappin\Downloads\RISC-V-Creative-Board-master\Modify_The_FPGA_Design\PROC_SUBSYSTEM_TickTackToe
Embedded FlashPro5 programmer detected.
programmer 'E200108CTE' : FlashPro5
Created new project 'C:\Users\ciaran.lappin\Downloads\RISC-V-Creative-Board-master\Modify_The_FPGA_Design\PROC_SUBSYSTEM_TickTackToe\PROC_SUBSYSTEM_TickTackToe.pro'
STAPL file 'C:\Users\ciaran.lappin\Downloads\RISC-V-Creative-Board-master\Modify_The_FPGA_Design\PROC_SUBSYSTEM_TickTackToe\M2GL025_1.stp' has been loaded successfully.
DESIGN : PROC_SUBSYSTEM;  CHECKSUM : 33BC;  ALG_VERSION : 2
creating folder: C:\Users\ciaran.lappin\Downloads\RISC-V-Creative-Board-master\Modify_The_FPGA_Design\PROC_SUBSYSTEM_TickTackToe\projectData
Software Version: 11.8.3.6
STAPL file 'C:\Users\ciaran.lappin\Downloads\RISC-V-Creative-Board-master\Modify_The_FPGA_Design\PROC_SUBSYSTEM_TickTackToe\M2GL025_1.stp' has been loaded successfully.
DESIGN : PROC_SUBSYSTEM;  CHECKSUM : 33BC;  ALG_VERSION : 2
Embedded FlashPro5 programmer detected.
programmer 'E200108CTE' : FlashPro5

Created FlashPro Express Job Project.
programmer 'E200108CTE' : Scan Chain...
programmer 'E200108CTE' : Check Chain...
programmer 'E200108CTE' : Scan and Check Chain PASSED.
programmer 'E200108CTE' : device 'M2GL025' : Executing action PROGRAM
programmer 'E200108CTE' : device 'M2GL025' : Family: Igloo2
programmer 'E200108CTE' : device 'M2GL025' : Product:      M2GL005
programmer 'E200108CTE' : device 'M2GL025' : EXPORT ISC_ENABLE_RESULT[32] = 007a6444
programmer 'E200108CTE' : device 'M2GL025' : EXPORT CRCERR[1] = 0
programmer 'E200108CTE' : device 'M2GL025' : EXPORT EDCERR[1] = 0
programmer 'E200108CTE' : device 'M2GL025' : Programming FPGA Array and eNVM...
programmer 'E200108CTE' : device 'M2GL025' : EXPORT Fabric component digest[256] = f7411e572f88bd0a949a6f637c605cb5a530a4bf18fa8517096e266281318ffe
programmer 'E200108CTE' : device 'M2GL025' : EXPORT eNVM component digest[256] = 5ba47839c38de0f339850af077f7b562211ece5394c3c37007d92011b15d8825
programmer 'E200108CTE' : device 'M2GL025' : ===================================================================================
programmer 'E200108CTE' : device 'M2GL025' : EXPORT DSN[128] = 2c27c420d72f157cbf55aaf0c9c7b5ef
programmer 'E200108CTE' : device 'M2GL025' : ===================================================================================
programmer 'E200108CTE' : device 'M2GL025' : Finished: Wed Aug 08 16:09:30 2018 (Elapsed time 00:00:48)
programmer 'E200108CTE' : device 'M2GL025' : Executing action PROGRAM PASSED.
programmer 'E200108CTE' : Chain programming PASSED.
Chain Programming Finished: Wed Aug 08 16:09:30 2018 (Elapsed time 00:00:48)

                        o - o - o - o - o - o

Project saved.
Project saved.
Project closed.
