-------------------------------------
 External Hold Repair Report 
-------------------------------------
 Iteration 1  
 Total I/O input ports improved: 0       
-------------------------------------



-------------------------
 Min-delay Repair Report 
-------------------------
 Iteration 1  
 Total paths eligible for improvement: 2       
 Total paths improved: 2       
-------------------------

Path 1
------------------------
From: MiV_RV32IMA_L1_AXI_0_inst_0/MiV_RV32IMA_L1_AXI_0_0/ChiselTop0/debug_1/dmInner/dmiXing/MIV_RV32IMA_L1_AXI_ASYNC_QUEUE_SOURCE/mem_0_data[14]:CLK
  To: MiV_RV32IMA_L1_AXI_0_inst_0/MiV_RV32IMA_L1_AXI_0_0/ChiselTop0/debug_1/dmOuter/dmInner_TLAsyncCrossingSource/MIV_RV32IMA_L1_AXI_ASYNC_QUEUE_SINK/deq_bits_reg/sync_0[15]:D
------------------------
Path min-delay slack:       -17 ps
------------------------
  On sink pin: MiV_RV32IMA_L1_AXI_0_inst_0/MiV_RV32IMA_L1_AXI_0_0/ChiselTop0/debug_1/dmOuter/dmInner_TLAsyncCrossingSource/MIV_RV32IMA_L1_AXI_ASYNC_QUEUE_SINK/deq_bits_reg/sync_0[15]:D
-------------------------------------
  Pin max-delay slack:     5997 ps
  Min-delay inserted:       685 ps ( Estimated )
  ----------------------------
  Delay buffers inserted before the sink:
      mdr_MiV_RV32IMA_L1_AXI_0_inst_0/MiV_RV32IMA_L1_AXI_0_0/ChiselTop0/debug_1/dmOuter/dmInner_TLAsyncCrossingSource/MIV_RV32IMA_L1_AXI_ASYNC_QUEUE_SINK/deq_bits_reg/sync_0[15]_CFG1A_TEST


Path 2
------------------------
From: MiV_RV32IMA_L1_AXI_0_inst_0/MiV_RV32IMA_L1_AXI_0_0/ChiselTop0/debug_1/dmInner/dmiXing/MIV_RV32IMA_L1_AXI_ASYNC_QUEUE_SOURCE/mem_0_data[15]:CLK
  To: MiV_RV32IMA_L1_AXI_0_inst_0/MiV_RV32IMA_L1_AXI_0_0/ChiselTop0/debug_1/dmOuter/dmInner_TLAsyncCrossingSource/MIV_RV32IMA_L1_AXI_ASYNC_QUEUE_SINK/deq_bits_reg/sync_0[16]:D
------------------------
Path min-delay slack:       -12 ps
------------------------
  On sink pin: MiV_RV32IMA_L1_AXI_0_inst_0/MiV_RV32IMA_L1_AXI_0_0/ChiselTop0/debug_1/dmOuter/dmInner_TLAsyncCrossingSource/MIV_RV32IMA_L1_AXI_ASYNC_QUEUE_SINK/deq_bits_reg/sync_0[16]:D
-------------------------------------
  Pin max-delay slack:     5985 ps
  Min-delay inserted:       534 ps ( Estimated )
  ----------------------------
  Delay buffers inserted before the sink:
      mdr_MiV_RV32IMA_L1_AXI_0_inst_0/MiV_RV32IMA_L1_AXI_0_0/ChiselTop0/debug_1/dmOuter/dmInner_TLAsyncCrossingSource/MIV_RV32IMA_L1_AXI_ASYNC_QUEUE_SINK/deq_bits_reg/sync_0[16]_CFG1A_TEST




-------------------------------------
 External Hold Repair Report 
-------------------------------------
 Iteration 2  
 Total I/O input ports improved: 0       
-------------------------------------



-------------------------
 Min-delay Repair Report 
-------------------------
 Iteration 2  
 Total paths eligible for improvement: 0       
 Total paths improved: 0       
-------------------------


Note:
    [1]: A net cannot be modified for repair if:
         - it is hardwired, preserved, or global;
         - the sink pin is a clock pin;
         - the sink pin has negative max-delay slack allowance;

    [2]: A location is not feasible for inserting a delay buffer if the estimated minimum delay to be inserted might exceed the max-delay slack allowance of the sink pin.

    [3]: The I/O delay taps cannot be used to fix hold violations in RTG4 design if it is a MSIO or MSIOD that drives a GB.



